25485
87387
86629
72760
21243
17452
33593
48808
35767
55837
20697
89598
7315
37051
43561
45309
89013
86882
21370
49611
14651
11631
18703
58981
8741
66636
22121
59410
92733
7051
67643
25398
37845
77671
42125
3793
94689
85863
45007
27051
62781
74488
50377
26910
74521
44841
66231
2947
90815
56902
55281
68465
48259
2772
17742
88308
93008
43135
84495
14157
38316
20414
36906
1577
5054
73547
47203
65687
46751
61360
28962
93622
84306
55987
25451
19436
33241
2286
4274
97083
65749
73792
48620
85650
56415
12435
58361
56457
82698
76753
5725
3633
62585
68838
83593
15011
67611
79335
45293
91454
70135
71230
58522
25913
82016
3932
16706
50249
51960
56385
77477
2400
95027
50078
14699
20585
49049
38733
70265
96035
16345
72843
53401
97275
20185
5712
59105
76681
69397
54201
47128
67460
5031
6870
97597
3192
82048
83880
99830
27078
92460
80386
22230
93030
53771
8941
62406
56956
47412
68258
62373
77160
77252
20163
6385
17938
13173
47349
50375
70926
45999
72488
39649
47626
7911
75432
18029
16753
43913
52638
3877
46298
39487
33512
98460
18262
59025
84932
82558
62064
55666
81386
57261
88521
80454
26606
75030
35856
81171
59163
60801
56760
59439
10320
94601
64424
35254
20902
14666
66737
66910
67185
99594
70168
46818
73790
9095
71621
83886
87010
71796
34171
85716
65462
92161
9204
35432
55049
24211
42153
5961
23225
70515
1222
88096
62140
54249
22024
90614
59399
85800
35538
53355
69371
56054
41139
30410
27311
61108
15760
67550
4680
2117
746
77961
53026
85620
93311
77114
93117
58837
91925
82401
35408
37905
45828
16988
46020
77386
41392
76788
62256
87117
55093
76305
52130
20055
20559
22148
91388
33172
89219
95340
38128
85914
76535
89932
48170
13510
14873
33340
53373
94778
47184
46707
8723
36636
22253
88991
20572
55006
11596
89662
84427
21286
37278
30569
39040
15213
47967
35451
91493
14595
30935
75290
72182
31156
32547
84311
14812
33017
5151
49018
28839
15793
42114
35810
6699
78380
93916
91777
80180
59127
24768
82759
45645
50360
25299
95636
62161
71763
12971
66986
46593
36527
99262
24580
60545
14667
98626
54558
48609
71677
2838
4616
52886
3459
97745
32654
61112
36192
69004
9978
46378
46826
68720
78568
19073
67502
81130
14249
75325
72516
99602
35425
55053
98175
35776
58632
39359
51264
83016
57930
26923
29387
25022
69720
77255
49125
92420
76520
15881
92347
13019
30174
40987
2614
30857
6842
35770
24374
26637
28472
71522
29638
68813
29737
72259
71792
43346
64548
71917
36783
95054
67058
80645
57368
80199
75520
86540
87195
64295
97833
79005
83487
96854
4217
35794
97501
491
75889
76170
8294
95801
84816
84222
99989
38058
604
1106
82455
91004
7634
83503
98448
11596
18468
73619
35920
11240
79719
4527
9882
21636
47637
60177
54021
55062
3932
86287
52940
83681
37452
18479
78577
22301
3972
22053
92586
36551
2024
92825
36815
84434
13127
17666
76370
21135
37306
65052
46657
40410
72224
90348
89259
65218
55023
794
12907
86986
79783
30641
50064
20161
45881
24866
5091
55090
28304
22167
15342
72310
31491
91435
69265
35602
12402
8401
53772
50791
95520
69965
63553
8518
67965
29859
5678
39415
32016
42928
49628
4134
94870
82879
42139
63686
42600
16313
23513
36931
14270
42817
92130
10583
7249
87823
42562
95574
11611
84176
76979
46189
26512
90776
2091
98152
70372
58283
60378
39413
51033
31813
50532
21256
57151
80369
45113
15275
6220
65289
48229
49417
51461
3941
21331
54123
51619
45642
6480
46763
16659
70483
46137
99668
97854
48360
19335
82516
52226
33142
22761
23464
50071
38298
80675
7408
92163
91582
49036
20314
10861
58481
86130
41138
71350
17133
85874
31170
95543
63008
536
49412
90029
65322
67275
71232
74865
57322
26328
86193
58252
88718
72424
23698
20699
41850
30459
31220
54543
92922
16799
96650
32834
12170
90160
11198
83891
33675
59760
25654
1798
20514
77167
8665
76443
53385
9499
83608
37586
62787
83728
2443
10290
49128
34205
12883
87600
66753
92422
58311
57634
76576
94291
18143
40918
71218
94662
90564
42071
14788
38467
4660
69888
71458
51064
79374
43845
78678
58363
62961
84764
97785
6947
44465
41259
19583
49438
74416
40402
78434
1273
1277
50509
94147
90789
61819
54014
37743
19288
41323
62728
69879
2400
92241
59256
75331
75867
35
33241
17752
85686
88584
42305
48464
25342
28668
44255
40444
86954
58414
28621
10495
918
66807
65291
19712
47434
54507
14475
72699
13579
2248
18649
60082
15758
84407
98673
96022
5073
54577
40481
48079
58511
39262
58813
21826
19820
37683
56596
62289
55099
98955
61773
23098
27109
34256
93774
61589
87806
95476
96765
54088
70681
45237
96393
24492
11456
34626
73929
78791
75412
71200
69708
31281
88179
34746
48301
90596
82417
59517
40782
37488
10026
93848
87503
85842
81042
97300
70284
98103
91120
5696
87619
95143
66297
82532
78613
22852
89529
1222
65402
60819
15212
76094
49691
54601
4262
76578
12481
98446
7247
83925
78327
884
10053
18811
58266
57844
81948
45684
56470
46921
18551
23303
55971
38956
80200
43238
76781
41710
69826
77059
94503
5116
63930
54441
51369
63419
52813
20715
80024
32835
29504
46698
14775
10687
22454
71581
48465
43459
4903
66408
19753
68587
47904
49538
13047
51984
9915
5773
55923
93065
3072
81838
26081
15832
26473
68826
57049
3666
26420
22674
18728
16141
80935
96172
34778
52309
51472
94262
53197
5235
80880
57817
18354
52594
534
11769
98593
61899
64787
67049
92105
1593
66244
90876
2556
79769
33821
35753
30049
12084
90643
68267
79162
26512
58408
70782
81029
79060
45712
47585
47881
28083
89007
89266
9266
49162
90323
90564
75552
65618
50197
37835
41136
29192
69050
96104
3922
68651
95701
1577
80818
11292
86011
30354
46305
79230
95937
58107
26624
74546
1167
90791
26966
46322
31577
28539
14923
41843
47004
82651
11376
73149
99230
85998
90556
61427
26645
14788
33181
26103
32762
63821
76087
30772
6531
52819
8300
16565
48976
77784
87017
52009
61475
58380
48594
15006
66105
18106
98548
22667
21881
56958
92922
67126
85077
9552
35740
10883
37559
57022
40861
53167
88407
39491
52543
40198
10924
56098
83370
78461
99400
67118
70479
56073
61200
66278
92970
5654
60654
20003
56384
54508
8846
53502
95225
7139
63886
72285
45210
98833
68627
47794
78579
78292
69767
67683
95514
63692
74614
61375
93732
83517
44216
63955
84354
65017
15288
7610
17314
31531
24597
7954
56650
56978
62444
26975
77007
54162
67733
74474
82609
40136
10769
34441
68387
80165
46702
45405
33373
27883
63763
53186
2691
89037
1699
68821
73595
58725
614
20243
27019
51244
31868
95023
91067
26307
97001
61551
52392
11763
4215
74618
14424
57812
68373
18627
68797
1698
79115
85892
54747
53105
58882
87016
50419
12325
68592
24820
77998
15362
13726
62841
36392
83883
5198
19635
28119
65797
14560
58702
63753
11262
37400
38426
68137
73803
35721
65039
30110
70097
19173
18400
36565
84363
44232
68626
54788
95314
3159
60741
64315
23013
94800
73175
36549
12759
70369
2646
62215
34174
70321
86948
12482
49522
8901
25602
76119
62557
96034
27755
95486
11073
61501
57555
23493
67754
84828
86279
4704
76669
20610
80530
48547
82632
65769
18806
71336
83255
62279
78329
22951
76755
51533
66603
79343
81503
32516
44815
56466
22068
12553
33982
98503
53856
38464
83277
3702
59884
21008
32385
67071
977
55361
41223
597
1502
29677
12012
66447
94204
58904
10296
13567
51757
11705
32803
97037
6012
56615
19454
11813
85502
16736
38504
56528
97636
9942
40828
37843
59768
59580
69864
1402
98812
44383
34729
47040
19917
27826
88562
44088
36960
57442
79352
31727
37841
38497
9698
64742
86308
30959
77371
67917
3969
7775
89456
96239
86052
2587
77220
87347
21036
18264
19836
95623
23368
11666
48448
84853
14022
17958
86284
67260
4240
28313
38110
25212
32006
68448
28436
55220
96863
62849
84824
88209
9181
52790
1858
86430
65706
43261
28887
50784
96245
57134
84900
2065
6415
25851
92488
75227
35892
49525
64347
54255
40648
27933
33680
76180
52434
89678
82032
4868
55544
91842
94549
96880
5915
55271
8617
60103
86474
90702
9470
23517
78612
39778
97826
601
94230
90957
34287
26515
15747
86443
69204
93937
37218
8041
75447
25627
72544
170
41340
99140
45282
41815
29472
49343
96762
13113
6389
36159
34833
10901
60805
87733
65511
97780
44127
56202
27048
61973
34981
38447
24046
57607
2572
22038
18292
83184
3321
58521
87689
10121
6616
95739
22154
67541
9945
44497
72511
67340
89169
3001
25937
57742
19968
12155
77864
18637
56420
27129
51804
13378
16846
23713
15267
20515
20334
91789
24580
4782
16235
48953
68513
77852
33423
56571
82986
76268
88902
88272
429
2025
99591
7192
24002
4227
19136
17812
11596
76270
60125
13245
59249
92638
51649
6510
31282
70160
60201
3623
94658
37398
11150
38154
11891
27555
25001
27283
79764
68527
83392
11872
95856
75270
59447
20130
45864
92338
15726
65637
59508
22609
71741
25146
10760
79168
31505
58918
31414
59742
40882
43967
1313
28265
26072
98948
51026
19382
73457
59552
14608
71947
55939
71562
91742
97921
97700
24667
9905
30399
78216
43195
17613
72358
25313
65656
38463
43902
2688
53856
19132
33797
85612
82969
54941
47902
73202
96875
99486
87486
79305
12146
27041
59505
32828
38759
16006
29395
96516
48121
58313
3929
20872
54162
28750
54877
76227
30123
88472
70841
48106
80423
7344
55568
90908
98546
89208
14008
62652
51898
64985
15700
40750
99739
54695
53196
23632
40345
77011
40464
48184
60728
28285
2000
87883
36788
7494
62803
10202
79110
31000
21562
77722
24892
29192
51378
40135
67566
93224
50780
57490
910
5431
8751
70638
42690
92613
81446
77587
94339
64594
76741
61413
65118
67763
71899
49649
44587
31205
55688
12081
71201
82605
93711
73178
76570
94966
28339
59342
47328
33220
48193
51369
23789
39523
13254
13119
75235
70339
16724
65512
29147
48955
73291
81343
57584
25013
58401
26569
13471
49319
26240
38056
98094
83163
89530
55758
70078
15718
94028
11933
4031
96348
80095
80418
17128
58245
80383
62087
27535
86197
30107
13935
78665
48006
83124
55230
82505
27981
14432
88763
23254
11693
47815
41854
54824
65658
43405
51715
97081
22068
8053
35974
11108
69736
27555
28668
52322
24798
2625
84338
46447
99814
30877
89748
67803
43224
21562
99226
73888
73671
683
80481
53887
61517
43597
8219
67899
13635
95055
56008
90282
48883
44164
76648
13575
86235
34875
76819
38253
79008
39747
49663
4299
56896
51701
40701
13546
92969
62900
37118
8916
93646
12075
2103
11434
10907
27073
37780
3560
35572
99398
31726
22961
76723
52561
28720
12514
43385
73923
64341
44247
849
23566
89750
36267
22252
90651
85744
20213
8459
61200
12720
37232
47004
12330
36491
69433
28216
93169
68975
30991
83622
9860
555
43919
98073
45579
72060
41762
92959
82007
24011
5278
5101
59933
36528
48928
81766
50347
87031
59287
13325
73689
37434
59810
70283
33359
52420
37452
40869
89353
59332
5220
24324
61521
89865
8958
55397
45288
69466
60219
48315
50192
85643
16320
85212
75305
71585
88754
50676
5121
15713
30269
65073
52316
19287
16502
47125
43665
31188
67158
28265
66883
68275
68466
78891
24493
20872
60174
33749
8263
71294
51755
23483
68688
3377
15133
18916
75798
59892
57483
24539
18324
13616
13295
40789
91061
66631
17021
58384
89607
77145
45044
27448
27909
87936
61490
15261
77545
57055
58386
81227
70465
49768
6622
59974
11703
15708
95257
21130
89670
66568
98919
96365
72021
26148
34937
39153
89744
21675
24402
98248
52549
25655
58656
21152
66931
8596
60584
8821
58569
33544
93141
51501
55524
79774
31347
20223
35607
60511
18277
22550
45333
28049
29443
4959
33462
31837
42631
20746
33894
81849
86937
97379
27686
10664
70907
50704
74748
7812
35973
53708
26248
32297
92929
87126
30323
61961
51229
56894
50461
72596
81184
67389
10056
6576
43899
55946
70900
35367
27243
79603
68179
44931
4148
98019
11260
18557
51966
8280
82333
97984
78601
72230
53903
15799
25369
48501
71944
67398
98692
23690
40695
68129
25204
81839
9109
89321
32842
45563
81414
28839
15507
67331
95672
20720
14561
4418
47412
43966
6573
19670
66062
66830
59656
56745
46983
69051
35185
99948
42998
73712
3985
64146
35352
33748
1741
22451
60586
3566
38215
5817
90355
41043
38979
13745
33710
94473
81587
46926
99401
91698
94676
61559
77108
48997
18127
52064
16811
6648
60898
41361
88092
94639
68791
25031
10394
77463
93473
70316
9131
835
47790
56563
85470
99975
75400
49291
60548
19233
78976
92785
77196
88507
39282
12475
43524
31797
5907
27425
22554
6192
25290
44898
5242
33610
24237
7846
60317
90234
19239
10989
16136
55227
91841
90490
65905
74202
74605
44658
8470
28236
8710
27352
39590
95969
39846
18569
87844
941
87372
16016
48064
98834
34458
16247
84010
69629
69621
57736
56383
17666
43771
4256
55672
57431
24405
72530
71222
63957
47619
94568
5706
5484
63330
61115
46418
89232
60850
95443
39874
62047
50186
70912
99374
52694
43681
60798
86291
9245
69299
97937
43015
34271
4148
65072
81010
13382
3072
16870
90223
6731
51999
53775
87173
51346
74901
57595
90007
94079
26997
50877
83467
84456
68039
84415
56808
75534
23693
92888
87710
22168
92708
47667
19995
8434
81269
76121
69978
60749
57746
33620
17872
65525
58711
36248
63847
36655
99691
74271
65608
62829
87250
49540
16843
91205
44748
10306
94767
49979
79344
5727
16878
1354
38898
27434
44378
80021
48707
18109
53015
57653
99228
77335
27430
16518
49029
79235
21246
25485
21577
68167
89214
11411
55561
34993
81544
58513
45110
31341
68595
80830
16614
77873
69758
59392
55734
39325
23290
27235
81681
23653
40517
55225
98505
58217
32823
66578
85435
31914
81159
31200
44830
9405
90088
4922
62142
88180
17841
99257
99065
26044
9950
35554
94092
45138
94638
14479
79476
50791
32828
89840
32655
50178
7862
45273
3231
11290
49206
7066
32108
59900
7725
463
98430
51884
67158
91386
12666
28732
88745
99381
78541
67252
16579
52897
52852
24129
6752
44483
68570
59065
46244
30198
23665
85141
93108
90549
20202
51809
88180
38019
17991
76034
59805
99239
63188
65883
81717
79048
41123
8131
59637
48849
77357
22042
73738
33092
34079
7291
31208
42059
80401
32633
57580
40734
66051
25608
49131
81426
12131
42757
44647
71678
87069
4964
90892
50878
5824
79197
83128
69521
28417
97041
71859
27106
9627
73896
52378
6543
69426
33735
93699
34114
94167
89433
3461
65412
7994
75493
7472
49502
61560
70938
8247
78317
32403
82845
88947
62348
6095
47416
60367
80602
18938
77909
98681
50031
42933
11198
27450
17265
68211
48586
14341
9576
30074
60602
18151
3157
38598
11769
51638
22818
73499
8575
52411
54322
48241
40385
76929
17800
41976
23341
91597
37604
81610
46088
46940
69691
70842
90942
90020
79550
19041
84347
81808
73753
83784
44902
13220
35105
91703
2158
86137
21308
88807
85781
34530
42342
59363
94331
82604
27213
34129
83804
85528
61731
78528
25758
34842
53040
62365
55374
47008
13098
7238
46564
77868
28487
96446
41759
83936
41710
28761
85081
58723
34969
80264
36057
44819
72543
67074
18171
42798
72863
22727
1759
45330
14467
11453
88342
44999
65384
91104
2784
9212
96350
21199
95959
46711
35813
61834
80163
5482
72401
99656
72687
79581
98744
69096
97537
71088
46544
78049
27991
66475
25233
29148
66556
37633
32398
73538
64548
58191
71434
88633
65029
39597
63202
13846
20412
8881
98003
57879
49854
88515
69747
97906
26299
12050
67348
95368
5851
45148
51217
98076
47245
50391
61416
6957
14216
52769
71423
72315
98327
51044
2787
21704
24204
23699
44508
56985
51345
93881
72813
21180
33561
14641
53618
61925
77676
37765
13862
43919
80924
74627
83164
6100
15
67564
36819
49616
82654
38206
26372
85232
1501
92564
76018
20288
91966
28106
28030
82165
65515
70312
55914
49455
33006
50890
11399
38908
87524
58414
24871
41140
77154
7484
99797
25821
36916
37850
21722
24448
56087
40009
98758
50869
67925
22008
50882
16304
20395
46007
19408
64730
77030
29453
32931
4606
58948
55859
32772
61201
73552
13326
59599
7504
33449
8883
15651
73259
53311
51240
38906
62649
24218
61491
95200
46598
84017
8838
30301
41073
6130
36000
81440
29982
6247
11261
9307
28037
95902
30228
92573
4636
2769
14124
13104
30927
71589
99506
65520
52277
89210
84414
56485
99534
36265
1431
6033
974
34564
50960
11915
99534
27183
88481
50635
4422
11103
56327
27835
52953
71733
18012
32581
24416
66753
79047
11894
23712
1966
35239
44754
70806
60013
42252
52258
80872
59522
50983
91094
7455
19447
64811
43786
67795
64239
51702
1337
9409
71826
62167
23630
83621
78856
89399
98590
34703
59765
72772
74000
49713
8803
13151
1948
2293
62094
77637
49346
93029
68368
71920
59535
92129
70609
81422
17213
13143
97576
87357
90953
88548
79610
41100
27165
92278
88156
28937
91520
85768
49363
56239
77473
60005
99360
33049
76443
88020
96813
49845
92207
34587
58774
85369
10362
62645
50202
65173
99443
12007
89425
14762
69374
25224
52967
5191
11214
86163
47891
11744
33353
60362
65960
50878
3875
27822
91649
91048
92667
68454
77721
91018
29163
60050
88479
61115
85117
14164
38804
95540
2340
93514
18823
69204
79973
15807
78033
26995
36505
13905
70158
31252
58577
82069
6640
49201
55955
89330
5457
15920
93022
35843
36045
19249
38653
6429
90420
14870
62536
93803
53221
8566
73923
62476
50182
53065
56620
90115
87516
12993
50235
43775
63488
47578
31099
37974
19041
68636
93298
70615
17200
45293
5020
3074
95678
9534
32171
75038
3652
29159
51312
99264
98229
71517
78706
97327
64663
85622
28493
84054
32303
27595
64468
20335
49224
43900
18546
58019
15484
65729
38458
6205
62856
8766
40035
42655
44827
71359
33653
21123
72853
49942
66802
14172
5625
98867
17074
63052
26593
45839
76963
20684
53132
89310
66843
99895
25088
25224
7454
40930
78303
78837
45487
94881
6511
28210
34237
20503
37104
36557
34300
1373
19472
9527
42416
60112
73907
55815
80938
64900
91324
62557
98358
36515
92518
56841
40129
89232
62560
60574
54341
45473
80849
81824
94939
6969
22779
60518
95330
42067
44525
3929
39029
89373
66523
23364
54359
19730
13211
56831
75413
85853
60229
33054
47815
23630
79281
76865
11466
81427
4015
60843
52412
95577
72041
7443
55033
9382
44792
70497
64771
80582
23149
80337
69631
70602
4876
38774
13349
64225
1030
29373
6230
85430
12263
45706
40142
20884
76769
5905
64507
17520
31324
62734
80087
43930
41188
87081
55918
48685
22436
23787
84808
7190
39483
46838
72435
31533
26281
94363
9594
24676
48630
4045
62151
68974
14152
67297
31950
10357
87638
51388
4199
52502
28089
2730
32979
83052
81589
3319
37937
93209
88314
98088
24077
79242
46467
85946
42193
91837
84411
53884
8432
85262
47778
16516
35609
50395
20038
49969
40180
25578
9424
38505
94842
26812
39362
96221
27483
66781
57477
78470
68484
72016
896
60730
91586
24508
74745
67397
85940
63990
538
438
54391
70358
86964
62007
58652
99506
55893
94856
26319
23825
99553
53244
98143
83863
98445
74511
32579
82492
55110
29237
49913
1967
27314
47805
696
31173
68374
28603
89918
93337
46552
35085
10752
78627
66198
15744
25154
79102
61143
63056
12235
40539
36340
64538
57106
86526
21013
43186
9112
59526
26437
94418
32775
55418
29053
1249
33660
41697
57811
33801
74676
18106
66801
41593
32004
94703
3822
46594
45747
54237
26800
57696
92213
9712
85360
34113
26629
93497
46433
46908
18625
60623
99678
37967
10209
19692
70238
96512
53550
81820
25358
60835
96014
25688
32279
35460
45153
56697
33262
69180
57048
24518
99491
91764
65433
53114
25436
97047
5014
40004
82603
4941
94012
87996
37713
93454
30906
49129
82472
37334
75866
32413
92986
23062
20307
66253
95103
63739
85069
8150
24304
32292
75750
23636
80322
96717
34490
7554
41699
56414
97005
83140
53863
57421
8066
62231
12919
93222
41051
4465
67762
39484
95335
15214
86607
84563
99665
54970
73984
41383
99492
80698
76183
89432
39703
44987
37210
22414
55262
93908
574
53570
3738
13154
58146
16851
4377
39961
425
60372
80448
68654
64152
63799
71142
99099
50869
50407
33972
61969
70491
86166
58891
39286
46944
711
80374
25025
56655
78812
87191
33880
28412
7169
29943
26156
88433
56842
92115
51561
46094
40687
84338
84869
90393
10474
32543
47798
738
22523
93537
53349
18665
90513
56937
33333
66636
21575
72871
63536
35360
80460
24376
42010
29995
81376
98445
90146
76911
82748
43266
85662
2108
33431
88468
52603
29472
39423
52177
62687
11444
88680
69114
46613
58156
26257
67921
79799
80755
7869
30674
59619
45158
37084
30929
4848
93928
66813
68755
49027
90198
6217
51273
10908
90498
87968
21238
10882
19061
49335
24233
94290
70
607
41807
34540
22024
9135
92565
52911
45811
43833
53404
56561
18683
13801
51496
61043
30892
47917
4666
40337
35214
46721
95857
1027
16384
8151
33631
64727
51901
89092
24515
97555
94264
45116
39694
28436
18881
38603
1158
17923
51127
19259
59384
61139
65253
72680
71990
8097
3693
43500
39528
37644
48856
51087
49765
21720
48591
7126
53373
89904
89346
30699
38750
98595
75382
98196
61304
93801
15862
3194
99130
81099
241
90997
60336
78186
54678
49601
14394
1760
57856
21716
55354
43425
94898
85516
63416
66039
97099
56681
2878
11049
40278
55604
81385
74515
73967
89409
2938
72922
59603
55307
12715
66636
18912
47803
75681
97069
3698
18915
83825
62841
95312
3247
8562
25773
74932
65690
35829
83277
12122
11837
81606
28607
35601
39426
25870
67036
56805
28698
68864
4390
73683
47511
83580
8032
33166
1244
15525
26005
59485
2874
15149
97684
49249
61786
33379
48043
83559
76393
10300
97911
89353
63037
6322
56398
96174
64758
32922
3998
29169
79762
54101
43647
46991
43886
74469
39421
27274
68515
73298
85844
56267
40899
13167
73926
39654
65293
67317
85046
27955
62764
31318
63423
91646
47334
35397
7584
89531
21898
21010
34028
34011
5100
36533
68881
48987
61663
20507
18695
2076
32862
85746
54665
88341
70732
32614
46595
60385
96707
72001
49576
277
12748
71797
8091
8393
9091
49068
98088
28104
957
54941
60109
12336
67241
1000
92580
14233
70689
34857
3808
14229
45804
30192
60438
46461
82437
48207
28405
25530
97496
82385
27529
77602
30043
71855
50153
40772
3501
44485
16600
9464
68490
88008
54913
43144
86655
74784
25131
85377
84124
3057
38272
41770
60324
98275
84183
56742
58545
27059
22661
77411
54149
81064
79714
45693
62462
35870
36897
12663
38307
55387
38705
67388
26084
90912
2104
62100
41758
86328
58574
1657
64264
70315
2466
23525
68415
1722
95477
14163
47250
92000
51033
63596
55662
55301
52239
76360
70077
43103
53076
65475
15757
69916
53552
67276
71106
7667
71459
43678
58475
57125
31441
84704
75123
63236
86618
64536
95211
46712
50600
19956
40042
13853
27270
75084
62612
10761
47233
11232
46851
4418
95508
96928
53967
80977
90256
57462
43588
21435
46193
54059
38835
18731
44535
86853
50577
52888
95976
47879
49557
86704
15732
75662
40804
47348
70904
63342
86583
7788
30672
57461
72534
52056
88031
69004
14731
6690
34448
90842
12754
15102
52378
74768
18719
29327
26484
60766
65186
89097
98104
44044
7644
59500
65022
62758
36302
31562
91842
40006
39592
52514
40781
12185
3630
70608
56696
52233
32602
80772
12902
56046
25187
3152
2373
5579
74731
11585
91602
77097
91361
31035
92051
97789
466
13569
61893
31990
80073
34641
84889
64456
13240
93582
71685
76707
86278
33573
77549
98508
50619
2657
70368
23407
91439
91330
13816
60938
25277
50431
94415
27459
59974
59303
98725
26301
22553
88110
13092
594
27846
28744
84449
71216
84813
62099
89901
68888
60773
84326
4479
91852
56992
68281
44403
11870
35727
1595
64366
64134
25127
56645
26019
43760
89823
79233
54476
94927
45286
55497
84781
18788
98145
57174
87246
9412
48302
42147
60206
23966
74554
94035
61860
61212
81488
15852
69952
91764
1826
4496
89743
92408
20017
12320
32809
11186
8300
24625
92383
54994
80687
60074
93479
30860
96486
24941
42913
70711
37134
49292
10335
72847
973
67222
68323
43224
26048
59181
79919
35128
30028
56685
8850
81744
20179
56739
31120
4905
21771
51967
75181
39838
15655
14121
30804
81037
99021
4959
8026
62322
31953
28366
81549
7236
82093
8379
8034
28941
46764
69599
41368
89337
49498
59065
54076
97865
80192
54825
87605
51975
64837
64861
78168
60133
6368
92598
43003
86961
19198
70787
13934
54309
79267
17098
14518
20175
26331
1729
12639
31363
27553
67258
81198
93611
35
64530
35582
55316
10391
87370
1134
58116
28540
27854
23221
32462
83890
88897
65757
11882
56509
1518
91858
21533
49641
45459
92871
54053
94958
24778
91255
78107
63682
4842
96927
29746
61835
25044
67769
61822
87865
71953
86402
50098
15468
80521
3262
69732
30483
70050
34041
59021
69452
34911
33650
80539
3812
72960
11256
69118
37927
5878
74001
17584
63864
41171
89298
99467
15995
90935
34158
6485
30987
52247
55135
47580
24286
29093
45609
10336
35676
61861
92126
24173
12723
79769
76144
89838
25190
33910
2017
80297
35912
49112
50799
47841
443
35254
17076
22130
47155
3318
79609
7946
57695
54824
60910
61602
89802
37923
13852
92827
64459
19875
21084
24208
53752
97933
72696
25579
14457
58854
86034
34967
18171
58035
14504
26609
59571
58643
75738
17460
19252
44085
52019
39003
14351
77448
88443
65050
74079
41796
92606
13432
67075
80840
20875
54620
76747
97953
63089
12417
79500
73115
30622
59783
3134
5537
99288
40787
71014
44274
6507
85764
88929
18168
16852
81746
45603
3857
37953
48827
12624
96525
1966
19767
31941
86389
87543
56545
5944
10159
82547
15550
9287
17958
93706
67482
99083
76729
52638
52404
14152
59011
15311
83148
89832
35941
64097
42126
32707
4173
36541
94054
9172
72659
65107
57493
50148
76101
22047
92194
72067
4652
96586
47162
27553
55487
59042
10063
30342
28451
40286
38713
72004
98987
13281
54317
24834
89540
96393
71845
87005
83501
17962
96203
98795
64072
43359
35378
41843
91045
84902
1390
10850
89257
17999
96955
48214
95878
2595
10202
57054
40166
48888
22774
1405
18185
16135
94122
26323
36403
14566
87160
6484
54283
41255
19804
66727
70804
23234
60738
58651
45633
71858
7804
65930
69553
64645
99759
36114
68690
85309
50817
29029
8312
89010
45925
86782
63450
93909
25993
93289
43189
75800
26970
90230
42090
54577
86616
35028
86783
41096
19401
21235
36662
76358
70496
39690
84743
16993
77959
46112
87252
70384
46399
76568
17556
63841
85503
79691
46221
67423
15518
75126
41102
27482
55242
23532
17819
65310
71606
25374
43533
94336
62884
77735
21127
79605
21714
34247
37794
73419
5570
71519
56748
78518
86486
22646
32973
98681
81405
55297
50608
55869
23954
62232
41085
43143
26112
35224
86949
61618
47035
71295
18989
55548
96180
82594
56011
2826
31062
95800
54812
33906
78108
42868
44965
31165
60708
7982
15576
25168
62275
69015
34536
38075
41474
56529
86882
50838
62695
82221
87565
96748
92032
53085
22396
85398
71569
16072
2092
40375
35670
98762
38187
75040
69633
9006
94879
76019
85955
44110
21411
38678
33990
88744
51964
78483
74656
68303
51116
6304
55796
38655
71310
9180
68974
44278
10794
5714
32517
80521
6450
22385
32915
4169
30311
6262
44197
49564
3386
6831
14881
58011
56212
97489
7370
41971
60281
20272
87628
96785
34423
81193
17246
48314
36847
79741
30413
46106
28760
85388
83993
5776
73464
90987
94257
48001
66844
84835
92089
99474
30531
40162
36058
78276
29738
18971
10929
7570
61644
24396
29348
71274
41988
3617
72018
45150
84427
68614
72738
20839
58826
51962
52549
84249
84184
27757
55698
18488
75694
37389
50754
45026
22170
31074
55421
36174
36173
67738
56815
44052
84508
23274
33475
34541
66039
72623
91936
2926
85681
57820
64493
83040
6333
5981
38497
90384
65851
65356
87654
3579
44078
33806
34518
66460
19301
60936
44789
24756
93157
90415
11112
51804
19291
75534
41906
41343
87388
16896
27289
4320
42832
81215
53894
10945
19225
61765
11053
84445
58141
59103
78451
32697
28379
16268
44210
72714
43299
27755
94059
26751
81429
19720
92625
40954
54257
87015
55383
67930
75524
74237
90566
71682
20748
45700
90947
41419
57250
68900
69691
76058
88596
4891
89427
71072
64878
77204
59848
76812
99910
91828
24213
4742
86748
20252
99339
99310
78918
83975
29538
18556
7431
98685
82967
6518
61396
2354
58816
88001
94418
36331
74075
85019
74905
73974
9838
31437
48540
36124
44513
89489
23175
63134
57152
39226
30872
98071
17912
14241
32815
16791
86022
48747
20027
87278
49232
29215
63364
11160
60319
29062
44958
80874
10739
47613
62191
20084
309
27178
34375
50843
91916
9678
29740
78803
62027
40628
97551
34850
64258
5403
93721
83502
47249
81477
76392
8458
78024
57268
43730
94574
71270
36379
26428
46481
36498
6534
70175
78718
11413
66666
1736
38864
48495
31929
71224
48239
88338
24057
10405
38673
95213
50662
52287
40456
35066
86339
43598
76
26669
94765
85640
33185
74125
54894
33986
88204
94135
65946
18550
60746
8729
3382
46306
41986
67957
28191
55423
83201
50874
67724
13546
25666
4698
77531
61062
58510
63430
36463
57493
57347
76362
48941
29114
60817
71500
44961
32479
35915
80652
30443
78216
35723
60148
38556
75759
53489
41095
1155
82711
2118
96940
40522
69810
45359
31437
28142
78754
91731
51396
95888
54735
92864
32669
69351
18787
3550
85193
93088
49917
37740
87086
62083
99102
3363
97880
2267
76277
37126
72641
30575
2637
29256
41125
6881
63582
17000
81275
98625
19377
39196
12215
50576
47808
81696
45865
24424
33035
95568
56898
72837
84477
31471
12174
22814
51869
14032
120
18980
17890
2584
30147
51748
17845
72720
85542
48733
50903
55886
1593
1993
74348
74291
24300
89822
39757
62398
37499
31639
67446
87177
91905
56967
97609
22103
6662
15694
25301
40974
30984
30082
58460
12507
41031
55696
35393
19320
50201
53307
42292
21182
85219
5997
70223
56763
6770
30579
37376
43988
1054
80614
73442
14099
14451
87641
59690
62945
79527
49923
1068
68628
74741
67326
62897
61209
19848
97995
89968
54874
28924
36509
59626
85039
78342
48365
79375
60209
50540
37386
26661
76555
37178
16491
87976
77935
30898
25914
76462
37843
1783
2135
64249
14743
49630
46020
24360
16237
91910
16948
1496
5866
86071
66272
32363
88999
27477
58069
37447
30337
12473
69951
76774
33127
11100
47131
99568
69660
79789
25417
42672
67066
89408
16976
77489
88519
32142
36785
90202
76234
77077
88223
64925
73144
91638
89734
86688
7422
75847
26502
6625
69128
15399
371
99407
23590
89121
59561
57296
70056
2848
1030
82810
97587
24968
41155
65571
24278
69471
11690
58188
52405
36144
47978
34706
44212
5794
63097
45996
98620
84888
61348
20758
97470
84480
71629
39083
5913
40147
91911
62016
72375
92511
91406
64387
69937
10469
97012
21790
67425
9980
52777
72931
90945
78574
35484
16955
76468
83113
55727
77691
53766
22714
17472
46648
83721
31045
96596
31654
58562
9633
89282
87098
63246
99156
73122
12336
6652
88871
56648
34763
78636
85463
91640
16850
62940
37041
20263
42351
43069
50614
16351
43030
81712
51948
43739
929
12272
61758
38636
66621
74601
8543
1875
9106
34134
8818
40117
52571
35619
27537
58943
17617
16201
2260
30879
83334
15265
14711
54504
54354
72787
75376
64787
40908
22789
23246
97173
34749
17835
15156
70129
11342
17810
21837
40792
96216
63109
74207
40937
72581
73768
15937
92073
55615
8574
30410
9166
43572
25374
46092
77301
31551
87199
92267
59294
50809
39050
53887
63003
5279
60327
50385
43605
38639
81824
75145
14147
99960
96865
66531
92324
98187
81888
34165
15702
81080
45084
88385
79229
51730
12177
73637
98909
18362
20794
91618
47725
91640
595
89146
43339
80835
80408
29278
74264
98100
8231
85577
95200
50204
53773
24148
99793
80425
81451
8791
14906
43553
12122
49183
62786
38704
53248
28909
31233
95982
21499
28898
66581
97681
1290
16594
31833
88611
39029
67288
78886
77649
10973
99246
75512
69796
56852
45315
95366
3269
69468
80687
87132
35941
1392
56949
59305
71122
5601
30158
40529
7900
60887
4944
85597
433
65012
53685
987
28772
86983
70947
55475
43948
96663
10596
68652
41770
8856
57819
61962
34257
99600
16090
49026
28517
17303
25764
38396
93250
97482
84473
98590
95916
36854
13091
39749
9897
72081
36860
69917
68418
56083
59134
3634
39896
73941
86143
61722
34271
75639
28991
30867
12685
5922
62834
39360
85537
19985
32085
73034
41634
93693
1095
15148
16659
14533
94736
14657
97761
13914
56859
39662
70909
90201
24437
69601
68055
60285
55286
3710
25431
1198
81064
39614
638
57654
3082
45198
64668
87660
32162
85633
87613
45405
65967
40391
98061
80555
1061
92099
9160
51089
24918
95633
1439
40642
24426
34564
96488
36333
18558
54093
64384
80170
32724
20845
51091
84801
97253
48743
64379
1544
86796
24836
65117
80112
63425
29115
1371
92114
51579
52502
99264
82912
62506
94172
67660
62295
83237
32026
2609
30693
86218
12710
24886
83565
25025
92955
49246
41577
83198
10078
90973
87513
19941
36716
99470
76692
43239
90715
92348
95223
45961
49693
48853
60004
32409
17348
59802
28278
16432
1673
32329
65540
65514
33154
29283
70920
78834
20430
70080
38179
1388
99238
68052
8403
44882
80282
1278
60640
44946
95730
55296
87485
22070
97969
69833
16840
47375
31917
70310
74305
16195
41940
99540
79178
38694
65441
20175
36527
80126
21005
52686
72933
32334
40743
59754
35361
6366
70637
60614
77240
74844
60980
38023
87807
86767
289
37324
35746
44074
78540
5315
94850
47005
14324
69040
48916
12538
1461
37992
95519
68468
14272
44784
17569
35394
32223
70447
24280
69666
6794
12155
88635
8073
56976
18201
65373
61774
45879
12699
76161
26779
43972
27822
35834
42689
85611
82285
64485
45634
38296
39328
72005
44522
52083
45420
90736
90728
34049
9932
69697
4212
82637
91307
22503
74059
77152
32754
31844
94750
78097
46401
42967
67333
8429
99375
38116
19541
84649
53389
688
89269
44410
66601
67518
94321
10529
18591
20765
6986
95181
79684
28874
61630
53425
28542
48612
87155
5724
63952
56968
46607
44694
66597
20090
61989
63669
84277
11431
72211
37025
72300
23977
67828
57417
39386
18466
76055
1024
91432
42151
76349
54394
54275
7897
28251
23059
52465
60963
46084
87735
54806
79334
38368
49506
93429
29303
34634
59479
21689
63382
33055
1738
19242
14884
28974
70356
63687
35962
61070
46369
4816
47889
32036
20077
23110
93278
76974
63288
48702
14948
97179
85698
6954
2499
4412
12603
8223
24347
12119
11916
33570
54920
57197
47698
83266
26025
96380
96861
870
54798
93442
28651
15814
47395
23712
12854
22841
83895
18388
89125
58383
69891
94851
68793
269
87405
74429
53339
72386
13487
98558
44967
1414
32277
17430
12474
63576
13392
37683
98224
57886
94130
27786
57303
67236
89482
31976
38277
7620
62302
64223
1131
95030
8371
58835
75020
56154
10883
64392
89980
87283
7311
65584
38878
34973
81425
472
99046
13890
67755
42615
14832
10481
54137
63051
51675
80942
29356
85140
90419
57710
11717
55418
15952
51100
13104
55502
65816
6148
38723
752
41611
93746
26770
32383
23809
3493
58822
34341
19528
50305
6644
13497
33736
86545
20633
53683
50618
32085
77291
1735
45768
45275
379
96306
97275
50451
23229
81495
20331
23342
93339
18558
27419
32145
43557
30178
38828
64767
24823
11418
124
39183
88485
46956
29228
61575
71907
33796
19884
95350
59860
49031
63612
65679
82419
99054
27526
8205
46524
14574
62588
66690
76121
41995
45530
14531
90964
66975
76805
59429
62060
83511
81387
57835
10131
78565
32723
62232
13736
55942
44277
51870
71818
92410
45350
91975
65317
28315
37043
13080
72579
46875
53979
62783
74444
79900
63592
88026
84986
33713
27573
66924
95003
18510
34691
49386
93809
3686
10257
21412
82089
52354
43549
85602
87204
71634
97415
85744
38154
10611
30443
65837
67030
67121
48612
2596
93438
63317
63328
46510
1882
62494
10157
22339
98532
12147
15460
76367
25419
24418
89301
66618
74329
57862
15333
60882
39664
66544
18208
58848
46438
6575
44044
83739
59949
50760
75893
16108
55466
22310
45866
43261
78049
60746
7044
86982
32550
76746
38628
90800
45332
31695
96079
11664
41789
23639
49193
6334
22078
60871
28668
73252
93343
16994
70804
40525
15646
60371
72582
8798
36542
2459
27680
23746
1605
45564
89304
45605
36784
44499
60338
76295
75976
35473
20248
109
10252
50451
57663
41206
96510
82520
59880
83641
1491
98139
74659
4560
99660
1682
72823
87316
44475
31992
53671
51825
46733
14280
97540
65840
28458
84093
75546
62680
2161
57666
16181
50590
20881
34830
46773
11727
93778
61660
98746
68034
61866
62193
88842
4379
75847
4584
38307
88760
52951
81814
65616
72265
4375
33956
69979
52298
95202
12789
40616
90597
18370
49738
43963
9428
62889
53046
29874
4974
45403
14332
6615
18918
52119
45196
99957
11616
69235
70088
74941
85412
89904
43163
19485
90009
38467
43551
57775
34838
92730
10334
96751
83178
43284
18890
4633
68360
40449
6739
40991
96
47679
46407
96522
15538
37301
1623
25012
85132
28877
33670
42396
31151
95112
223
71878
98576
12684
6806
41100
98876
78379
22876
63594
91843
70259
4818
32461
42153
30024
30297
94906
69434
28763
7063
35487
42164
41957
92078
65712
64765
70687
37568
4792
14099
98545
45050
14097
37555
62193
95674
1949
5514
27058
7923
63455
11012
75103
55873
99702
90691
93278
46161
92085
25290
99413
24846
89754
31325
24793
7740
31396
7185
43437
12014
42665
80731
40754
75028
42422
8140
51730
53862
74971
13617
61987
109
99689
96143
39725
12012
12977
91955
27540
57382
35654
66556
71246
61036
14223
88778
86655
65193
59398
15997
84193
97875
27428
13482
14952
40200
18446
41767
66138
76255
23837
80989
27196
7830
70224
48749
55042
47563
31277
20609
52814
20225
21432
65673
28711
8319
20261
37286
95712
60599
2693
17591
21781
57283
26550
61152
60492
39831
91886
35118
4826
91348
45663
42304
17055
94172
2429
31769
66043
55531
37643
42190
47499
35524
48666
61677
25456
22534
98560
32244
17263
15518
59493
75299
54970
16756
38878
14350
90590
32861
86724
42445
9298
77126
42103
22776
10837
10118
87669
94851
62576
54921
78275
4915
84447
36366
34645
38798
17903
88271
86851
77898
92905
64329
5427
2703
892
94999
20022
86951
64872
73892
43711
44479
76582
89448
29881
8086
67624
19619
69950
91827
63127
73340
35685
80844
61438
48045
22373
54080
97990
66086
36068
32515
18495
61828
78608
76071
99987
20471
12384
62179
45345
15904
69938
92047
97690
28812
14216
12318
71758
39460
37120
3055
94462
20141
17230
23290
17882
88826
53357
47403
32863
43474
60299
95182
48558
42880
93686
37096
66424
97613
90036
3517
34531
1892
98903
69341
2912
66105
17052
41463
31143
25181
20271
66753
78718
40528
16137
85936
26472
30820
16219
87940
21250
14951
70542
31966
3004
33164
28612
16551
78508
49290
10172
30233
54019
99668
8642
46645
26154
83866
9279
91630
46080
4840
82177
69681
49968
29414
28495
99309
95975
58417
26991
22204
92756
80656
78869
66371
17041
68321
85058
36279
26188
25218
31912
16726
77878
58964
45616
8813
30598
82011
13000
11428
64051
85522
16559
76058
5379
68535
5675
11225
44586
21333
9243
52029
37731
27797
12594
98675
10494
38468
73531
216
68784
32982
32076
26888
30027
62862
52566
63297
64343
66862
12033
81321
79421
53201
42727
12692
26011
58590
81545
4516
20169
53436
23873
61997
11249
51615
10144
14407
8829
74296
7854
97410
43877
75400
88987
58511
86207
36612
1770
94411
57620
1404
1053
20919
96813
41714
28646
48932
24813
39677
12880
1679
69322
54177
55748
79668
78462
41267
93475
26740
92055
34068
81899
12486
67378
27011
83890
87488
98498
68703
284
2338
83140
14894
91969
18434
92560
33025
6024
7343
2578
20637
20454
97142
49462
1481
13247
46175
44276
79930
80416
84397
46536
55251
10837
47987
92730
91082
39323
28704
89309
3420
75561
28667
10422
24310
688
35476
10741
124
67520
44335
49734
21563
41710
68679
48372
67711
43609
27652
31118
86729
95181
75248
10300
34081
93858
58611
74072
44503
95734
9559
23990
48826
45046
55179
81195
75916
62022
40419
99212
11845
50282
69823
47103
95151
31085
60253
29970
13516
34739
18295
44444
41774
35080
81987
74874
29849
93691
31702
62445
87792
16177
59973
21493
26182
68668
12849
44686
78438
84995
8027
4234
43439
22691
91126
19349
53422
25825
17455
66320
64960
46226
83915
35320
83059
46789
37979
10405
22658
86557
62304
18043
84277
88735
7640
91495
99203
30804
52904
25294
52246
78987
35870
80110
78843
76191
68538
5713
82653
48012
27447
10935
75407
43122
7785
39340
25755
75592
75317
20171
73315
64961
94176
74489
23520
93033
44773
19197
11158
16656
94590
13154
61506
73208
86764
89100
43984
94793
29684
2319
96649
73612
43899
34598
39756
45660
1092
73908
3617
64647
51010
37179
32535
20084
79058
15954
60045
37033
34355
26256
24053
92620
91043
74064
46196
50444
6278
97882
39632
33283
90771
45709
61142
58934
85539
13154
31085
1522
81710
43513
44090
10000
25615
13459
61296
49737
63546
88114
78786
41409
38766
33018
8469
41380
54775
2785
31009
90347
26628
59834
83577
61883
2827
97850
44147
70229
67052
47028
35563
56548
38879
14663
54109
98114
93618
37210
90763
92917
3741
74079
63050
26679
57848
63792
66994
27907
1825
90172
86861
85439
76695
39082
19972
91463
11061
74668
2010
64584
19855
28105
49986
99532
50682
4176
58979
99537
89467
74355
88341
20233
13900
92854
11916
24561
78119
60601
45089
74888
6371
41498
19130
15394
69620
75408
35711
49985
31332
60983
52955
63456
65565
17662
64366
1155
98799
74348
75450
19542
5562
11238
41591
76182
54509
46958
44640
98905
42553
41795
74524
23673
64225
37245
84997
4756
98055
51490
94445
66520
11656
10128
70381
365
72338
37415
87703
50409
18013
26897
94142
9696
52171
617
99492
46330
30148
89601
76171
64340
41766
65760
58103
54628
83086
67270
46417
42906
58249
15549
57126
51636
79041
70572
97683
28433
50892
59665
87732
91648
64489
47281
42005
46988
99671
44942
94109
17108
42102
19210
43262
57946
35656
75720
10535
44064
96810
52930
44704
23931
75336
74908
10847
60791
19561
44753
37647
31331
60130
32781
70364
67215
164
6064
38546
87524
40541
31099
74039
21956
51285
43826
46042
9076
18716
44334
82832
59880
2589
9878
36038
96986
12230
35727
48049
75077
58843
73086
22485
53446
39785
59761
6873
8167
85071
22238
35553
25323
148
8058
51044
30445
94257
40399
44118
32130
796
52374
85195
61498
16053
58256
8551
57302
27244
42156
44922
33322
55086
68752
68565
37708
51368
37129
1285
50433
72681
61414
45596
4707
24630
26393
11321
6270
42873
88530
28037
5768
54779
66887
28403
96080
13721
75698
29500
14557
52461
79018
29656
87213
74856
4321
6909
12630
17772
61357
36103
29277
23318
70593
64677
54607
87820
61463
16993
56859
85610
23688
31134
58018
24148
36028
71049
10013
61337
84960
45695
97679
39649
49530
61491
58671
80737
93580
4008
87304
40645
38876
34774
697
78549
61624
28002
75401
64410
13073
28499
15220
21169
90920
45190
74970
87216
79462
86120
55134
22828
91456
93549
2420
22900
13717
27706
47381
19570
33189
37312
34899
21092
85588
77777
32251
52762
69884
93733
36596
31746
95484
43679
17877
73651
22221
92950
78904
74668
26904
70270
46972
4766
33239
29842
82327
59047
49705
98189
19909
42258
4024
57833
68167
72236
75580
58397
71144
36135
7517
81245
78308
76377
89664
86107
74869
12716
78201
63011
3039
1739
4513
17147
57858
98049
1288
93210
39407
73981
88849
30293
2850
234
60948
65969
66612
58130
65526
82735
73568
71774
90301
2341
64475
3542
60194
36068
49338
16032
21443
40528
57466
53927
37185
81716
53259
96003
85653
12708
58694
34430
7814
44575
98511
4465
68910
48389
33891
44724
62032
45883
87440
9174
4399
39945
38327
7861
42867
6817
72560
44641
85079
31739
82138
30225
14401
57095
69594
8677
96747
18326
57702
87033
77161
27495
35669
77592
27956
8148
22488
95172
34163
8379
40703
31692
32391
13957
81185
93963
40411
27872
39693
96664
60785
37871
44123
95677
47822
69179
21790
20627
91204
44972
95203
70759
46942
50318
15826
43011
5684
43256
83187
25325
42748
14841
2617
32551
86750
32668
23883
24371
16467
21
39509
79526
87337
73053
12445
35266
61430
43994
45370
29347
33641
25649
58165
85387
18979
70252
98654
51831
5020
89457
52745
82498
61771
788
26262
25993
5487
17202
44634
13853
20808
46128
38222
52831
70332
24797
86196
63135
13201
96404
20616
30191
86363
21634
4916
67081
74174
15048
53823
40661
37164
26444
30668
13424
62981
50980
1084
6944
93522
38300
35558
89613
56880
1091
36490
62472
95155
24702
90921
50190
16750
65946
9761
77444
81608
12487
20755
43662
22253
62423
37143
17213
88810
45143
9730
28643
26045
86926
57376
85916
13018
73530
9761
75235
78960
64245
65948
40833
16378
41401
31292
94529
2987
75404
63933
98436
85518
64088
60255
1150
58336
59506
42936
33443
11109
27229
89054
47255
39937
73119
72525
97088
25634
59892
99354
13585
63858
97290
5487
68393
80076
14988
54267
31983
20750
20682
10393
28030
41233
76784
41826
49471
9812
96211
97447
52333
15124
28427
27287
86912
29857
21858
79931
8928
29175
58930
92244
36840
47447
49376
45145
73764
9993
74431
41813
12149
30198
90948
86874
16690
91531
49503
65920
847
13545
67098
5601
30680
79265
87880
75871
18526
10092
92535
13906
74258
29317
67805
54171
30864
35095
10974
25620
75541
18746
22714
27209
2141
13904
44276
19453
25321
11671
94745
79335
67487
11230
27220
91054
69622
51949
384
79538
58735
54520
91027
52643
93715
3554
80783
99481
58514
60675
95626
54805
14410
8952
45915
43876
15914
99650
18343
13689
30199
2166
14657
93940
98819
8655
91553
46491
99178
38616
90575
33654
79006
20875
44790
85484
93808
3171
70391
51165
69978
63604
89812
2217
29625
10695
73446
62407
73060
58929
35694
23398
22518
53343
89228
9019
64844
68320
53638
5021
44969
90105
52558
57830
60934
19316
26549
88787
43290
3993
34455
95467
18033
4686
82168
34881
95427
66847
54277
42571
89954
53130
56911
19420
23619
55212
43820
19321
56484
25126
10900
94074
67232
99703
50359
68062
15474
96461
26133
67191
1642
33187
3549
33529
81807
50400
84283
48247
37369
32166
3216
13359
94446
83643
12660
9400
57149
6134
37320
38083
54695
27279
57068
86710
24176
4151
70655
7018
65143
68749
35756
8614
31648
2524
26375
90734
55495
6372
28916
30131
69321
57353
85621
48044
95142
76900
1882
49988
81974
34239
88312
88169
90714
79724
98051
70073
79569
70450
2937
83710
98853
22829
52534
60720
55696
88355
10669
92193
11097
47665
83436
67437
36668
75737
86677
1599
5874
40616
73047
53783
22716
59817
81618
91524
74892
78574
38694
90988
87086
65925
93334
92059
77431
10085
14143
63530
81023
47267
90520
86430
29971
54477
10461
81736
24969
48679
25669
88172
87020
24523
75829
85825
80991
7545
19111
96705
65514
14085
38245
90471
92781
38347
27031
96991
63502
28306
19962
61589
9509
34976
88178
77486
64741
75298
75947
31686
18300
86529
52831
58685
58551
3207
29438
94958
5969
92530
54752
77896
12172
9511
17454
46014
21981
71432
78161
33676
79699
63517
56955
85830
91880
76791
91614
64378
35126
19746
47455
95044
45251
77876
13574
93289
58206
1226
74657
86050
78691
8563
24237
47714
69396
8077
64787
59305
64925
92608
4404
45816
23064
61076
71821
97606
50605
15516
96066
99815
53638
35670
79326
65455
9394
96562
34461
27239
74203
59276
74304
17783
33462
17649
73790
95166
59289
58227
87432
75675
54286
29593
73768
54082
99747
68974
17503
4990
44213
53942
36557
65298
97981
66792
58110
90743
65054
73284
85049
34543
24440
14478
64179
35247
26969
9614
2863
88350
70381
96382
2793
50475
22688
15085
4028
34856
14119
20551
80458
1079
96569
19068
27332
21772
84238
27908
87711
46611
77310
48393
43972
7201
4379
1536
14159
22681
7019
49043
78189
95884
38919
62450
26683
27352
94542
53924
53209
10266
41740
46302
29869
93631
83722
9900
87624
55860
54805
71393
1915
14487
32261
78737
9816
77752
73698
1794
13608
90427
55449
85230
29195
81834
16572
97372
3012
48098
77604
77598
58019
31695
23576
40874
20309
43010
26142
15840
51615
41947
89534
51372
86729
11528
95864
37760
23252
78121
81541
24525
80064
42849
62589
52276
11855
74895
89644
3021
25231
5922
15006
47399
34520
95035
76716
15209
44625
31312
53857
97399
79867
64314
78425
40668
34338
66785
53056
22229
32173
35807
96523
73618
38449
81630
24403
68038
90367
14447
39723
71603
49476
87207
52186
25974
14685
58618
80036
54371
88139
95346
74239
68362
52349
41231
47518
8541
68721
38410
75631
37536
1707
32373
55913
29855
69551
31046
61098
63190
39493
57636
77506
9787
62752
37387
49534
19534
25596
54454
24038
44458
12
73590
79773
15521
99575
17978
90964
91448
47199
8993
78320
55544
13533
14386
5601
99537
77158
90033
67763
77541
1858
40677
4557
96019
15548
98202
58016
35028
49995
50441
53970
74390
78693
37850
93025
3763
78541
47920
19460
76254
21284
92440
43775
38331
92534
27914
91114
21006
85979
9438
60090
71324
95501
71310
19068
12540
61656
64926
35182
99390
61722
13089
5631
13059
34305
48024
27742
28084
82369
86043
78526
49893
50334
50859
73655
46659
34605
97327
38828
87959
74023
24581
95539
50717
33825
38871
62152
3490
65825
88272
62327
65307
64920
97224
61836
54575
7689
93414
89946
80108
21617
42656
70318
27736
33853
63617
3805
80046
94726
40024
8
19842
98007
54976
70852
41025
93831
12855
96152
58897
89975
84580
65831
40705
34617
92740
98289
61465
7320
3013
90350
10219
1284
32335
101
23682
45252
33178
75838
91225
42298
33765
29694
61143
5476
57215
46260
99501
39181
62965
96124
76965
74196
28029
56700
73422
90546
47875
19888
54074
27201
57442
66409
98267
49570
32394
77194
63816
8145
56384
42555
69149
60042
38333
47282
41133
10332
72706
41260
26907
14963
21311
88693
72557
65487
48531
71983
98497
36807
58173
71369
50870
38235
80673
26648
38902
52690
75298
82476
84183
96089
34746
73398
83463
49051
92810
47025
26495
73504
1847
73830
84149
1765
17454
66635
86060
4247
51952
14026
50855
87335
58021
57560
81814
97997
5559
65819
90034
70471
1419
42086
22108
49556
90557
74856
64140
79089
8696
99305
93286
61673
38645
96588
873
91431
40259
59724
28421
44145
72709
28500
10945
89895
21096
959
63619
9648
17361
60828
1109
60999
58504
60240
85203
68317
26788
81522
17986
32337
88274
59712
92420
73730
43279
84068
16200
45943
92622
2253
40130
24594
345
31086
54502
90236
50805
31749
34507
88097
91401
54046
99896
60828
85539
45409
51353
42930
32193
96741
29608
84466
36653
30685
89939
76753
73769
11862
96901
49972
75729
99753
38772
57559
41836
39898
58143
51090
10588
52048
51991
25870
34903
3198
17881
50749
16554
4994
42895
26727
84027
48502
95433
60120
33478
43021
68524
7272
83920
8866
57254
69454
72349
40285
27798
71966
52608
38044
73398
44202
9123
27031
74401
13677
36245
70801
9400
56104
57974
32012
37071
43109
33251
57648
44176
94081
56302
16527
25758
21777
32341
8051
28878
45035
45249
67612
62355
20262
53979
79062
47409
4736
25502
97011
63964
91344
73361
22231
11542
84098
47608
62429
24391
63244
38423
95728
80712
10387
46116
90083
3298
37668
76595
91110
7701
21446
84708
58653
35761
36165
40963
56340
80984
74022
29186
69592
7694
78545
60060
95008
25345
84975
94483
94460
36940
78166
46074
6354
81550
17354
76476
65889
8955
2109
91846
51116
53259
79541
73542
18875
13233
68441
80131
90208
18660
40848
40271
77219
38177
6538
58
54028
65716
34772
17795
92878
28988
13200
14474
51430
65993
20377
83446
8131
5637
47607
56008
92552
99423
34837
65681
26241
92917
49140
59230
21228
15133
22939
46889
29583
67648
49220
57183
19915
22926
11487
7528
45983
58185
20140
80378
29059
39397
12490
56642
31932
31300
51086
74749
10517
26542
21909
36853
24585
79557
28808
25091
44336
40439
14360
68619
64866
30986
48981
54417
59975
41197
35267
95178
72406
39181
43813
89564
41543
98096
27670
53570
96926
71920
24928
104
275
12993
25177
47546
5935
12014
54279
50143
7241
67616
31188
23082
92539
53332
3970
32161
83320
15751
3018
43331
15207
77004
62482
15871
19840
98089
29312
1147
64215
72105
6529
33131
70241
84458
25283
19658
72874
98293
72914
38750
16673
88855
69324
50103
1192
95836
86935
15662
44891
80136
70106
81694
32499
10543
91282
93031
84333
71271
55723
3563
69058
50756
39764
6605
36785
11287
46844
35159
40145
98397
6481
80781
46419
92522
10161
40825
73620
17924
53931
18930
69147
8873
48370
4734
48867
82090
53787
47321
92880
27389
47254
48570
99294
25246
95243
76890
81305
22289
13291
39828
22816
11129
42628
4426
71608
36182
25104
57946
45842
39945
1122
97804
68700
47362
43728
54351
62071
46913
76650
66222
63656
18698
78187
70677
20198
42168
94212
93726
60762
18408
74278
4456
191
78419
23929
44496
98050
45239
5931
25236
17443
86861
2502
81675
28950
55991
79268
89685
99198
43834
21826
52961
22214
27765
86191
77069
95600
99515
46329
84217
31498
92761
99185
29873
37069
46309
95152
47656
83449
75829
4166
16379
63706
90591
4966
9655
98687
82968
60836
63500
74220
56909
96893
27247
72125
53185
28643
36036
4042
15382
23940
15535
7070
73298
20721
30112
11420
510
62764
4951
48936
60651
80845
32805
59873
63476
60555
30283
47129
38642
5010
79176
67978
80454
77093
59141
94093
10644
29394
95495
27610
4868
76675
99705
45862
53932
96843
13575
57613
70199
20008
43627
25775
7701
1349
79423
91094
67179
85196
46569
40190
17391
26955
61513
58738
86490
49475
85063
58263
55410
18948
20455
53061
94578
75427
49972
92384
70614
81230
13369
76709
69724
29305
63867
71185
1602
44787
66712
28660
62491
73112
73193
95109
17879
56778
99838
30355
58711
80413
51220
84600
43527
25271
63266
11462
24896
24640
38160
93003
78317
66406
91735
49153
94620
11616
63847
72949
4118
31543
39333
90643
56697
27735
16839
84192
50604
51641
96414
15073
71189
27890
94266
52991
6660
39270
73214
30766
18775
54959
43999
50859
47520
19346
85816
93206
98748
52905
39104
29922
61262
3051
62470
23409
1571
68067
37397
57481
73440
25540
22979
94799
55090
19117
21792
19791
71338
43244
61675
20965
36767
77925
65265
89971
39137
75708
13403
29797
31959
85220
56373
53402
63313
1251
71107
22250
11377
45473
47772
36963
89811
11951
78996
67169
85557
77025
49839
21686
93695
11876
43793
41157
37005
14102
6429
82392
54944
68865
53139
70478
95474
47588
38828
31335
5374
80875
94019
75580
58843
83606
58563
88894
23454
70612
27571
99406
120
9976
79073
70149
6366
98591
12838
97202
20760
33
70590
52126
18281
38177
95430
52444
83393
14704
86453
48155
94606
2962
46132
55049
89783
96169
2431
10004
26480
35313
73569
87
49628
78022
99874
78630
49044
32719
75954
29348
44843
72075
55496
17578
44545
96654
17869
13996
96568
96159
16493
80299
42082
4691
35545
18520
91904
19743
72825
76801
45556
31119
61517
21367
91975
11813
42880
83161
60178
53184
26176
11514
68749
75625
47352
5929
20474
55285
67233
53683
17168
3486
60203
91824
61838
61628
88540
25231
35302
28373
96027
7487
37223
73094
45951
26353
47233
82823
5667
76579
62253
95182
92702
30146
41072
15531
55759
46115
48743
97681
9524
7833
33650
64597
36910
68997
509
25481
72900
34658
53172
56166
92308
81802
50487
86115
96960
606
99563
36968
6891
76464
87738
37252
7198
24165
90965
55753
14595
9789
15944
72598
25743
48846
12485
46058
12053
16096
38297
34964
65016
95014
26404
74393
85448
21509
36993
16051
58828
62667
67335
24836
78026
12688
16624
93502
76229
53212
44847
16082
29147
49734
65533
34170
39038
97362
85430
48375
79017
75834
17581
42178
31463
9858
84557
42085
72050
99075
22093
82709
79542
65519
33232
99078
92711
49113
56589
23968
87750
57898
21207
18145
6495
51593
14502
90759
36695
22508
49760
15099
60390
63090
56594
69314
78870
63513
76464
38735
16880
88796
1362
81294
6260
71512
68234
34186
54440
45900
49048
54551
78622
45014
73071
92283
97809
23817
79146
67649
7896
51395
60904
64739
22300
93920
50422
44959
39295
80714
99129
50213
18035
88053
77761
26034
63506
37925
93923
25968
89684
47222
36752
57271
43671
35058
49207
97800
35077
82304
62305
43280
72831
51360
66482
63984
26265
66369
5648
41609
31219
29476
91986
77721
31462
50769
34094
85562
26228
28825
41443
47454
40732
17855
40221
87381
83335
51508
87591
97651
36862
90134
58780
41765
48038
65193
58658
27456
83355
68064
64196
68115
64214
62531
22079
32034
19138
43209
41332
78119
66732
83763
77123
35245
23673
65458
17258
83607
86413
61806
76765
37819
42373
37159
10929
85992
70828
28143
62104
50222
51956
76856
53430
41700
58069
56387
15911
23746
29245
58919
63770
24371
40049
15813
2204
23479
46475
92003
21887
50801
89131
91135
81077
98036
35866
39080
4116
56013
5956
11487
19789
82513
37737
16992
15831
78189
28326
75758
5835
47023
83008
69505
6231
68519
19395
51907
87278
91278
75088
45496
17358
72662
31954
25877
76961
93042
36730
34795
91349
49722
16526
85350
54868
15136
87029
17427
89712
25482
38235
41677
51057
39370
65091
2348
47498
84969
78473
81114
65818
68896
50868
75176
6084
85650
57783
27828
31824
99064
66576
18835
2327
42019
90914
84342
43088
56687
13086
65955
85556
20092
75257
15186
6540
65015
39225
28056
53571
41367
96785
15424
58568
59009
32302
42395
17539
21483
75049
43698
40302
46411
72430
31033
62989
65712
87513
6770
92301
67758
42246
78174
95883
67198
35436
99386
96711
95333
95121
47416
94115
36031
57223
68886
68157
89511
7836
70402
18263
59951
86259
57144
65999
65316
97126
94022
63829
70153
67788
1386
78808
32880
19756
85009
79988
93793
2825
17341
84910
9338
70867
66073
99172
2508
62675
39561
42558
11658
9343
92417
96669
82303
91470
8171
57986
30245
49765
71825
28441
20400
53106
54537
4755
72635
45129
38854
97794
15712
96721
97548
14893
20668
2821
43946
39356
90639
40293
42999
63353
11207
41021
89934
31055
59419
43462
7668
1782
18987
36724
73764
68717
22931
68717
75766
69778
8352
84150
99821
18985
20157
16498
1320
73528
32574
984
77938
61359
82167
73762
35006
62645
19755
7447
82192
53814
1257
26890
85432
35280
25466
42181
73094
72822
31192
39017
7313
75158
93714
59669
2371
4289
13913
18265
14352
61390
34492
47162
34613
48766
92626
61238
8912
44898
62326
59743
84544
50483
73590
68224
95579
55459
74634
69080
67237
24885
78108
39501
51657
41778
51756
74578
98941
92636
80371
33085
50568
22658
51728
58354
85881
48001
36086
64306
20156
60475
2634
73136
31923
90030
17355
67918
5331
21811
37185
44044
73049
82450
74833
95855
99425
74295
79893
4647
75018
90758
10756
51137
59454
38527
50119
53996
15876
60737
90724
92271
16948
43920
43194
41531
49108
98742
28930
55932
23753
48766
58997
72824
49686
96703
56074
92805
43186
84439
30379
98017
31083
23142
63193
10344
99013
83559
17806
26148
91475
56124
60453
69913
54108
25106
25744
80820
28804
97800
8373
64946
31518
5721
93038
5093
64035
93175
61793
51383
20546
49823
1110
28939
93880
16916
9481
88566
10428
7920
26803
44689
28536
178
7248
69941
45460
17227
6013
31234
73938
51495
12727
91318
82021
27943
3824
2142
83231
95759
45660
19501
71093
65584
27084
20237
5414
99305
26050
68640
95356
54568
883
76404
2621
8801
39095
61407
45428
61253
48762
45324
19052
78630
85806
15108
87043
12057
35168
34493
48544
34160
66854
51890
98503
1095
57734
2860
75766
33390
5773
15984
44164
65560
97743
51193
84935
47795
75318
72669
19691
29376
67803
17530
45441
95719
3315
22058
65927
12321
92618
83764
26388
96057
3345
39496
4700
45519
98177
1151
11761
26814
86489
57229
19142
76149
37513
40500
38624
57597
13066
69271
33565
86683
56890
16699
40135
566
78761
84835
1601
89836
59090
31090
99341
3989
26544
91388
51872
84107
51097
72614
37314
12491
36233
18954
10551
92250
73477
94756
47181
43777
39209
71249
93042
90518
51210
3652
46178
5361
33035
59053
56031
5532
62915
19225
33975
3800
44279
72649
28964
59527
73506
29691
11727
94608
90626
363
41705
62139
89119
11847
24786
51084
89785
90907
96395
16166
39574
96066
74886
41839
7549
67467
58248
45851
24605
26580
53466
28664
80398
13573
50733
93085
44569
34156
5091
46901
52193
51567
94951
89485
31998
13966
82887
179
97045
24097
97700
42834
82122
81599
6168
58976
80602
24952
73713
36058
26844
71932
56133
87832
17050
84046
80386
55735
32262
83867
80151
72851
89005
45297
81752
83333
44781
32068
85274
23764
53489
69773
41751
75733
24738
16308
39549
22397
45088
66632
96060
35302
46136
82907
26317
99999
66283
7900
66122
39872
13773
18517
97768
43590
12317
26258
69051
14292
69497
35464
1118
66039
13573
46877
59795
48240
98569
37437
39719
11452
24417
21887
29040
59061
85816
19518
53553
60579
17927
69650
75797
10481
2769
61889
29966
46961
57052
86840
11800
79072
79504
79212
5108
49373
81817
82662
70759
55668
16582
69477
35653
49329
98874
12869
65252
76430
57660
19936
87303
82747
42471
23393
48603
74283
4402
81432
74016
68400
63943
51858
22390
77
58609
54452
90196
89068
20071
14963
81679
10956
85668
72635
94873
62781
66280
51903
96717
41813
30091
35443
26707
58784
29184
11295
34473
86505
72284
48242
23168
48327
83878
10764
59403
5652
65943
31162
61595
81617
2842
19325
56641
59582
75854
79622
71675
25267
51251
21957
50483
66833
15927
13844
38226
72015
36679
56788
22798
9290
82361
42643
9415
28583
65980
20739
71509
52972
87666
9296
50514
89145
3523
58474
92782
23237
64577
46416
44253
50170
1841
92897
44679
62631
52572
78872
81947
79876
54195
17900
59244
82059
63533
34341
8885
9429
16189
41722
58534
93446
12642
30436
88198
98372
6711
65817
1399
17980
61758
64994
27445
60659
50296
79677
71725
99747
51966
24807
87713
49785
40095
3526
2847
10478
35829
21195
87699
132
30020
97648
54628
50141
75562
68592
90170
32429
46446
24595
70455
29054
61175
32356
36046
3000
52758
94149
89664
94385
4062
43140
57764
58428
84951
25681
22943
54851
1698
78372
4301
50249
4276
96514
38916
8256
56371
1895
70
97802
52683
37949
25517
86581
17630
47633
76348
38919
42548
29838
57571
79826
46467
64517
96697
62565
37939
85472
43575
13725
52072
87540
47229
94590
37765
49570
96803
64916
69359
30655
4358
2876
94610
60126
69975
32793
17114
88905
69269
40102
41753
79036
90103
54631
89068
40917
46739
78811
54835
30653
65117
22673
4785
73199
46462
40878
84983
17422
81638
16234
69709
16929
92867
